<?xml version="1.0" encoding="UTF-8"?>
<!-- Generated by org.testng.reporters.JUnitReportReporter -->
<testsuite skipped="0" hostname="vivek" name="com.freecrm.qa.testBase.TestBase" tests="1" failures="0" timestamp="29 Mar 2018 06:10:03 GMT" time="23.587" errors="0">
  <testcase name="launchBrowser" time="23.587" classname="com.freecrm.qa.testBase.TestBase"/>
</testsuite> <!-- com.freecrm.qa.testBase.TestBase -->
