<?xml version="1.0" encoding="UTF-8"?>
<!-- Generated by org.testng.reporters.JUnitReportReporter -->
<testsuite skipped="0" hostname="vivek" name="com.freecrm.qa.LoginTestCase.RegistrationTest" tests="1" failures="0" timestamp="30 Mar 2018 14:19:02 GMT" time="30.638" errors="0">
  <testcase name="registration" time="30.638" classname="com.freecrm.qa.LoginTestCase.RegistrationTest"/>
</testsuite> <!-- com.freecrm.qa.LoginTestCase.RegistrationTest -->
