<?xml version="1.0" encoding="UTF-8"?>
<!-- Generated by org.testng.reporters.JUnitReportReporter -->
<testsuite skipped="0" hostname="vivek" name="com.freecrm.qa.LoginTestCase.LoginTest" tests="1" failures="0" timestamp="05 Apr 2018 04:41:35 GMT" time="22.146" errors="0">
  <testcase name="verifyLoginPageLogo" time="22.146" classname="com.freecrm.qa.LoginTestCase.LoginTest"/>
</testsuite> <!-- com.freecrm.qa.LoginTestCase.LoginTest -->
